2015-06-02 01:34:34.091 HelloCordova[2394:44496] DiskCookieStorage changing policy from 2 to 0, cookie file: file:///Users/zhimenghuang/Library/Developer/CoreSimulator/Devices/D9855069-D654-4D31-B9F8-DDB20BEEC001/data/Containers/Data/Application/E1C7CC52-3CCF-4407-B8A1-95F322D04FCE/Library/Cookies/Cookies.binarycookies
2015-06-02 01:34:34.262 HelloCordova[2394:44496] Apache Cordova native platform version 3.8.0 is starting.
2015-06-02 01:34:34.263 HelloCordova[2394:44496] Multi-tasking -> Device: YES, App: YES
2015-06-02 01:34:34.274 HelloCordova[2394:44496] Unlimited access to network resources
2015-06-02 01:34:34.280 HelloCordova[2394:44496] 

Started backup to iCloud! Please be careful.
Your application might be rejected by Apple if you store too much data.
For more information please read "iOS Data Storage Guidelines" at:
https://developer.apple.com/icloud/documentation/data-storage/
To disable web storage backup to iCloud, set the BackupWebStorage preference to "local" in the Cordova config.xml file

2015-06-02 01:34:34.810 HelloCordova[2394:44496] Resetting plugins due to page load.
2015-06-02 01:34:34.893 HelloCordova[2394:44496] Finished load of: file:///Users/zhimenghuang/Library/Developer/CoreSimulator/Devices/D9855069-D654-4D31-B9F8-DDB20BEEC001/data/Containers/Bundle/Application/4E0F6154-EF7E-475A-83BA-D0D9BCF6D491/HelloCordova.app/www/index.html
2015-06-02 09:08:30.449 HelloCordova[2630:61658] DiskCookieStorage changing policy from 2 to 0, cookie file: file:///Users/zhimenghuang/Library/Developer/CoreSimulator/Devices/D9855069-D654-4D31-B9F8-DDB20BEEC001/data/Containers/Data/Application/FDB2727A-1F95-4483-BD8E-6ABCC4EF3637/Library/Cookies/Cookies.binarycookies
2015-06-02 09:08:30.636 HelloCordova[2630:61658] Apache Cordova native platform version 3.8.0 is starting.
2015-06-02 09:08:30.636 HelloCordova[2630:61658] Multi-tasking -> Device: YES, App: YES
2015-06-02 09:08:30.647 HelloCordova[2630:61658] Unlimited access to network resources
2015-06-02 09:08:30.654 HelloCordova[2630:61658] 

Started backup to iCloud! Please be careful.
Your application might be rejected by Apple if you store too much data.
For more information please read "iOS Data Storage Guidelines" at:
https://developer.apple.com/icloud/documentation/data-storage/
To disable web storage backup to iCloud, set the BackupWebStorage preference to "local" in the Cordova config.xml file

2015-06-02 09:08:31.013 HelloCordova[2630:61658] Resetting plugins due to page load.
2015-06-02 09:08:31.110 HelloCordova[2630:61658] Finished load of: file:///Users/zhimenghuang/Library/Developer/CoreSimulator/Devices/D9855069-D654-4D31-B9F8-DDB20BEEC001/data/Containers/Bundle/Application/A09B0328-5576-472A-AD16-B5D696ED71AB/HelloCordova.app/www/index.html
2015-06-02 09:56:13.026 HelloCordova[3640:79380] DiskCookieStorage changing policy from 2 to 0, cookie file: file:///Users/zhimenghuang/Library/Developer/CoreSimulator/Devices/D9855069-D654-4D31-B9F8-DDB20BEEC001/data/Containers/Data/Application/4CB1CCAF-AF58-485E-B31B-C1851F2D12E6/Library/Cookies/Cookies.binarycookies
2015-06-02 09:56:13.080 HelloCordova[3640:79380] Apache Cordova native platform version 3.8.0 is starting.
2015-06-02 09:56:13.080 HelloCordova[3640:79380] Multi-tasking -> Device: YES, App: YES
2015-06-02 09:56:13.081 HelloCordova[3640:79380] Unlimited access to network resources
2015-06-02 09:56:13.083 HelloCordova[3640:79380] 

Started backup to iCloud! Please be careful.
Your application might be rejected by Apple if you store too much data.
For more information please read "iOS Data Storage Guidelines" at:
https://developer.apple.com/icloud/documentation/data-storage/
To disable web storage backup to iCloud, set the BackupWebStorage preference to "local" in the Cordova config.xml file

2015-06-02 09:56:13.187 HelloCordova[3640:79380] Resetting plugins due to page load.
2015-06-02 09:56:13.699 HelloCordova[3640:79380] Finished load of: file:///Users/zhimenghuang/Library/Developer/CoreSimulator/Devices/D9855069-D654-4D31-B9F8-DDB20BEEC001/data/Containers/Bundle/Application/D1767FAA-75D0-45C1-AFC6-A3CBEE18887D/HelloCordova.app/www/index.html
2015-06-02 10:01:43.288 HelloCordova[3640:80788] Terminating since there is no system app.
2015-06-02 10:01:51.249 HelloCordova[3909:81595] DiskCookieStorage changing policy from 2 to 0, cookie file: file:///Users/zhimenghuang/Library/Developer/CoreSimulator/Devices/D9855069-D654-4D31-B9F8-DDB20BEEC001/data/Containers/Data/Application/FFC0E0A8-7863-4537-8423-2E0A551B9357/Library/Cookies/Cookies.binarycookies
2015-06-02 10:01:51.333 HelloCordova[3909:81595] Apache Cordova native platform version 3.8.0 is starting.
2015-06-02 10:01:51.333 HelloCordova[3909:81595] Multi-tasking -> Device: YES, App: YES
2015-06-02 10:01:51.336 HelloCordova[3909:81595] Unlimited access to network resources
2015-06-02 10:01:51.337 HelloCordova[3909:81595] 

Started backup to iCloud! Please be careful.
Your application might be rejected by Apple if you store too much data.
For more information please read "iOS Data Storage Guidelines" at:
https://developer.apple.com/icloud/documentation/data-storage/
To disable web storage backup to iCloud, set the BackupWebStorage preference to "local" in the Cordova config.xml file

2015-06-02 10:01:51.432 HelloCordova[3909:81595] Resetting plugins due to page load.
2015-06-02 10:01:51.454 HelloCordova[3909:81595] Finished load of: file:///Users/zhimenghuang/Library/Developer/CoreSimulator/Devices/D9855069-D654-4D31-B9F8-DDB20BEEC001/data/Containers/Bundle/Application/B6A2EE06-07B4-4ED5-9A84-54DBD17462CB/HelloCordova.app/www/index.html
2015-06-02 10:03:20.550 HelloCordova[4121:82490] DiskCookieStorage changing policy from 2 to 0, cookie file: file:///Users/zhimenghuang/Library/Developer/CoreSimulator/Devices/D9855069-D654-4D31-B9F8-DDB20BEEC001/data/Containers/Data/Application/1F99331F-862B-4602-B16F-49DF4F872B4F/Library/Cookies/Cookies.binarycookies
2015-06-02 10:03:20.609 HelloCordova[4121:82490] Apache Cordova native platform version 3.8.0 is starting.
2015-06-02 10:03:20.609 HelloCordova[4121:82490] Multi-tasking -> Device: YES, App: YES
2015-06-02 10:03:20.612 HelloCordova[4121:82490] Unlimited access to network resources
2015-06-02 10:03:20.614 HelloCordova[4121:82490] 

Started backup to iCloud! Please be careful.
Your application might be rejected by Apple if you store too much data.
For more information please read "iOS Data Storage Guidelines" at:
https://developer.apple.com/icloud/documentation/data-storage/
To disable web storage backup to iCloud, set the BackupWebStorage preference to "local" in the Cordova config.xml file

2015-06-02 10:03:20.716 HelloCordova[4121:82490] Resetting plugins due to page load.
2015-06-02 10:03:20.741 HelloCordova[4121:82490] Finished load of: file:///Users/zhimenghuang/Library/Developer/CoreSimulator/Devices/D9855069-D654-4D31-B9F8-DDB20BEEC001/data/Containers/Bundle/Application/D0853DA8-7922-4B02-91D5-451F8FE736DD/HelloCordova.app/www/index.html
2015-06-02 10:05:07.071 HelloCordova[4337:83822] DiskCookieStorage changing policy from 2 to 0, cookie file: file:///Users/zhimenghuang/Library/Developer/CoreSimulator/Devices/D9855069-D654-4D31-B9F8-DDB20BEEC001/data/Containers/Data/Application/EB381316-8647-4266-A2E9-3C28A05D378F/Library/Cookies/Cookies.binarycookies
2015-06-02 10:05:07.129 HelloCordova[4337:83822] Apache Cordova native platform version 3.8.0 is starting.
2015-06-02 10:05:07.129 HelloCordova[4337:83822] Multi-tasking -> Device: YES, App: YES
2015-06-02 10:05:07.132 HelloCordova[4337:83822] Unlimited access to network resources
2015-06-02 10:05:07.134 HelloCordova[4337:83822] 

Started backup to iCloud! Please be careful.
Your application might be rejected by Apple if you store too much data.
For more information please read "iOS Data Storage Guidelines" at:
https://developer.apple.com/icloud/documentation/data-storage/
To disable web storage backup to iCloud, set the BackupWebStorage preference to "local" in the Cordova config.xml file

2015-06-02 10:05:07.232 HelloCordova[4337:83822] Resetting plugins due to page load.
2015-06-02 10:05:07.363 HelloCordova[4337:83822] Finished load of: file:///Users/zhimenghuang/Library/Developer/CoreSimulator/Devices/D9855069-D654-4D31-B9F8-DDB20BEEC001/data/Containers/Bundle/Application/4CB97DDE-281B-4F50-B7A6-E257BFE6A04A/HelloCordova.app/www/index.html
2015-06-02 10:05:27.926 HelloCordova[4539:84366] DiskCookieStorage changing policy from 2 to 0, cookie file: file:///Users/zhimenghuang/Library/Developer/CoreSimulator/Devices/D9855069-D654-4D31-B9F8-DDB20BEEC001/data/Containers/Data/Application/C6775568-787F-40BE-B81E-8D33D72F0B82/Library/Cookies/Cookies.binarycookies
2015-06-02 10:05:27.974 HelloCordova[4539:84366] Apache Cordova native platform version 3.8.0 is starting.
2015-06-02 10:05:27.974 HelloCordova[4539:84366] Multi-tasking -> Device: YES, App: YES
2015-06-02 10:05:27.977 HelloCordova[4539:84366] Unlimited access to network resources
2015-06-02 10:05:27.978 HelloCordova[4539:84366] 

Started backup to iCloud! Please be careful.
Your application might be rejected by Apple if you store too much data.
For more information please read "iOS Data Storage Guidelines" at:
https://developer.apple.com/icloud/documentation/data-storage/
To disable web storage backup to iCloud, set the BackupWebStorage preference to "local" in the Cordova config.xml file

2015-06-02 10:05:28.082 HelloCordova[4539:84366] Resetting plugins due to page load.
2015-06-02 10:05:28.212 HelloCordova[4539:84366] Finished load of: file:///Users/zhimenghuang/Library/Developer/CoreSimulator/Devices/D9855069-D654-4D31-B9F8-DDB20BEEC001/data/Containers/Bundle/Application/89F515D6-4EC5-4ED9-8546-30BFD2E9F098/HelloCordova.app/www/index.html
2015-06-02 10:06:03.251 HelloCordova[4742:85047] DiskCookieStorage changing policy from 2 to 0, cookie file: file:///Users/zhimenghuang/Library/Developer/CoreSimulator/Devices/D9855069-D654-4D31-B9F8-DDB20BEEC001/data/Containers/Data/Application/F1E3505B-43E4-4928-8DF4-FD7054293E6D/Library/Cookies/Cookies.binarycookies
2015-06-02 10:06:03.307 HelloCordova[4742:85047] Apache Cordova native platform version 3.8.0 is starting.
2015-06-02 10:06:03.307 HelloCordova[4742:85047] Multi-tasking -> Device: YES, App: YES
2015-06-02 10:06:03.310 HelloCordova[4742:85047] Unlimited access to network resources
2015-06-02 10:06:03.312 HelloCordova[4742:85047] 

Started backup to iCloud! Please be careful.
Your application might be rejected by Apple if you store too much data.
For more information please read "iOS Data Storage Guidelines" at:
https://developer.apple.com/icloud/documentation/data-storage/
To disable web storage backup to iCloud, set the BackupWebStorage preference to "local" in the Cordova config.xml file

2015-06-02 10:06:03.412 HelloCordova[4742:85047] Resetting plugins due to page load.
2015-06-02 10:06:03.541 HelloCordova[4742:85047] Finished load of: file:///Users/zhimenghuang/Library/Developer/CoreSimulator/Devices/D9855069-D654-4D31-B9F8-DDB20BEEC001/data/Containers/Bundle/Application/195553C4-BD11-4C4A-A6C7-F4619F8C0EFB/HelloCordova.app/www/index.html
2015-06-02 10:06:43.436 HelloCordova[4946:85758] DiskCookieStorage changing policy from 2 to 0, cookie file: file:///Users/zhimenghuang/Library/Developer/CoreSimulator/Devices/D9855069-D654-4D31-B9F8-DDB20BEEC001/data/Containers/Data/Application/61863889-0E59-43B0-BE10-F53C226D3EF5/Library/Cookies/Cookies.binarycookies
2015-06-02 10:06:43.487 HelloCordova[4946:85758] Apache Cordova native platform version 3.8.0 is starting.
2015-06-02 10:06:43.487 HelloCordova[4946:85758] Multi-tasking -> Device: YES, App: YES
2015-06-02 10:06:43.490 HelloCordova[4946:85758] Unlimited access to network resources
2015-06-02 10:06:43.491 HelloCordova[4946:85758] 

Started backup to iCloud! Please be careful.
Your application might be rejected by Apple if you store too much data.
For more information please read "iOS Data Storage Guidelines" at:
https://developer.apple.com/icloud/documentation/data-storage/
To disable web storage backup to iCloud, set the BackupWebStorage preference to "local" in the Cordova config.xml file

2015-06-02 10:06:43.600 HelloCordova[4946:85758] Resetting plugins due to page load.
2015-06-02 10:06:43.721 HelloCordova[4946:85758] Finished load of: file:///Users/zhimenghuang/Library/Developer/CoreSimulator/Devices/D9855069-D654-4D31-B9F8-DDB20BEEC001/data/Containers/Bundle/Application/02650220-4436-4983-89A0-1032530556AD/HelloCordova.app/www/index.html
2015-06-02 10:11:42.390 HelloCordova[5173:87442] DiskCookieStorage changing policy from 2 to 0, cookie file: file:///Users/zhimenghuang/Library/Developer/CoreSimulator/Devices/D9855069-D654-4D31-B9F8-DDB20BEEC001/data/Containers/Data/Application/AC6F29A5-C805-4641-B86B-C3F986259A86/Library/Cookies/Cookies.binarycookies
2015-06-02 10:11:42.458 HelloCordova[5173:87442] Apache Cordova native platform version 3.8.0 is starting.
2015-06-02 10:11:42.458 HelloCordova[5173:87442] Multi-tasking -> Device: YES, App: YES
2015-06-02 10:11:42.461 HelloCordova[5173:87442] Unlimited access to network resources
2015-06-02 10:11:42.463 HelloCordova[5173:87442] 

Started backup to iCloud! Please be careful.
Your application might be rejected by Apple if you store too much data.
For more information please read "iOS Data Storage Guidelines" at:
https://developer.apple.com/icloud/documentation/data-storage/
To disable web storage backup to iCloud, set the BackupWebStorage preference to "local" in the Cordova config.xml file

2015-06-02 10:11:42.564 HelloCordova[5173:87442] Resetting plugins due to page load.
2015-06-02 10:11:42.704 HelloCordova[5173:87442] Finished load of: file:///Users/zhimenghuang/Library/Developer/CoreSimulator/Devices/D9855069-D654-4D31-B9F8-DDB20BEEC001/data/Containers/Bundle/Application/DC5C43F9-7AED-4597-BA86-6A589C7B8721/HelloCordova.app/www/index.html
2015-06-02 10:20:49.796 HelloCordova[5468:91429] DiskCookieStorage changing policy from 2 to 0, cookie file: file:///Users/zhimenghuang/Library/Developer/CoreSimulator/Devices/D9855069-D654-4D31-B9F8-DDB20BEEC001/data/Containers/Data/Application/9D0C7356-3B15-486E-9AA3-DD5F59D6A867/Library/Cookies/Cookies.binarycookies
2015-06-02 10:20:49.861 HelloCordova[5468:91429] Apache Cordova native platform version 3.8.0 is starting.
2015-06-02 10:20:49.861 HelloCordova[5468:91429] Multi-tasking -> Device: YES, App: YES
2015-06-02 10:20:49.864 HelloCordova[5468:91429] Unlimited access to network resources
2015-06-02 10:20:49.866 HelloCordova[5468:91429] 

Started backup to iCloud! Please be careful.
Your application might be rejected by Apple if you store too much data.
For more information please read "iOS Data Storage Guidelines" at:
https://developer.apple.com/icloud/documentation/data-storage/
To disable web storage backup to iCloud, set the BackupWebStorage preference to "local" in the Cordova config.xml file

2015-06-02 10:20:49.972 HelloCordova[5468:91429] Resetting plugins due to page load.
2015-06-02 10:20:50.102 HelloCordova[5468:91429] Finished load of: file:///Users/zhimenghuang/Library/Developer/CoreSimulator/Devices/D9855069-D654-4D31-B9F8-DDB20BEEC001/data/Containers/Bundle/Application/7FEE21BC-97EE-406E-AB06-88AE10B5DCF7/HelloCordova.app/www/index.html
2015-06-02 10:21:05.145 HelloCordova[5718:92365] DiskCookieStorage changing policy from 2 to 0, cookie file: file:///Users/zhimenghuang/Library/Developer/CoreSimulator/Devices/D9855069-D654-4D31-B9F8-DDB20BEEC001/data/Containers/Data/Application/48BC05B5-5D15-452F-A21D-ADE51C0949F4/Library/Cookies/Cookies.binarycookies
2015-06-02 10:21:05.218 HelloCordova[5718:92365] Apache Cordova native platform version 3.8.0 is starting.
2015-06-02 10:21:05.218 HelloCordova[5718:92365] Multi-tasking -> Device: YES, App: YES
2015-06-02 10:21:05.221 HelloCordova[5718:92365] Unlimited access to network resources
2015-06-02 10:21:05.223 HelloCordova[5718:92365] 

Started backup to iCloud! Please be careful.
Your application might be rejected by Apple if you store too much data.
For more information please read "iOS Data Storage Guidelines" at:
https://developer.apple.com/icloud/documentation/data-storage/
To disable web storage backup to iCloud, set the BackupWebStorage preference to "local" in the Cordova config.xml file

2015-06-02 10:21:05.320 HelloCordova[5718:92365] Resetting plugins due to page load.
2015-06-02 10:21:05.447 HelloCordova[5718:92365] Finished load of: file:///Users/zhimenghuang/Library/Developer/CoreSimulator/Devices/D9855069-D654-4D31-B9F8-DDB20BEEC001/data/Containers/Bundle/Application/56DD6C81-C34E-4322-9F10-A1150B8D4E7F/HelloCordova.app/www/index.html
2015-06-02 10:21:43.130 HelloCordova[5925:92972] DiskCookieStorage changing policy from 2 to 0, cookie file: file:///Users/zhimenghuang/Library/Developer/CoreSimulator/Devices/D9855069-D654-4D31-B9F8-DDB20BEEC001/data/Containers/Data/Application/A22C9412-D316-499F-AA3B-35F8B700EE06/Library/Cookies/Cookies.binarycookies
2015-06-02 10:21:43.180 HelloCordova[5925:92972] Apache Cordova native platform version 3.8.0 is starting.
2015-06-02 10:21:43.181 HelloCordova[5925:92972] Multi-tasking -> Device: YES, App: YES
2015-06-02 10:21:43.183 HelloCordova[5925:92972] Unlimited access to network resources
2015-06-02 10:21:43.185 HelloCordova[5925:92972] 

Started backup to iCloud! Please be careful.
Your application might be rejected by Apple if you store too much data.
For more information please read "iOS Data Storage Guidelines" at:
https://developer.apple.com/icloud/documentation/data-storage/
To disable web storage backup to iCloud, set the BackupWebStorage preference to "local" in the Cordova config.xml file

2015-06-02 10:21:43.288 HelloCordova[5925:92972] Resetting plugins due to page load.
2015-06-02 10:21:43.422 HelloCordova[5925:92972] Finished load of: file:///Users/zhimenghuang/Library/Developer/CoreSimulator/Devices/D9855069-D654-4D31-B9F8-DDB20BEEC001/data/Containers/Bundle/Application/03DB6985-1EB9-4C62-BA9F-5276257E2530/HelloCordova.app/www/index.html
2015-06-02 10:50:50.626 HelloCordova[6345:107325] DiskCookieStorage changing policy from 2 to 0, cookie file: file:///Users/zhimenghuang/Library/Developer/CoreSimulator/Devices/D9855069-D654-4D31-B9F8-DDB20BEEC001/data/Containers/Data/Application/12338178-CB79-4D05-B680-67E6F8B00C7E/Library/Cookies/Cookies.binarycookies
2015-06-02 10:50:50.689 HelloCordova[6345:107325] Apache Cordova native platform version 3.8.0 is starting.
2015-06-02 10:50:50.689 HelloCordova[6345:107325] Multi-tasking -> Device: YES, App: YES
2015-06-02 10:50:50.690 HelloCordova[6345:107325] Unlimited access to network resources
2015-06-02 10:50:50.692 HelloCordova[6345:107325] 

Started backup to iCloud! Please be careful.
Your application might be rejected by Apple if you store too much data.
For more information please read "iOS Data Storage Guidelines" at:
https://developer.apple.com/icloud/documentation/data-storage/
To disable web storage backup to iCloud, set the BackupWebStorage preference to "local" in the Cordova config.xml file

2015-06-02 10:50:50.790 HelloCordova[6345:107325] Resetting plugins due to page load.
2015-06-02 10:50:51.043 HelloCordova[6345:107325] Finished load of: file:///Users/zhimenghuang/Library/Developer/CoreSimulator/Devices/D9855069-D654-4D31-B9F8-DDB20BEEC001/data/Containers/Bundle/Application/C7A245FC-BC66-4B09-9261-DD39740526CA/HelloCordova.app/www/index.html
2015-06-02 13:05:50.541 HelloCordova[7721:157993] DiskCookieStorage changing policy from 2 to 0, cookie file: file:///Users/zhimenghuang/Library/Developer/CoreSimulator/Devices/D9855069-D654-4D31-B9F8-DDB20BEEC001/data/Containers/Data/Application/D0EB5D87-C18A-4336-9171-4890FABF0474/Library/Cookies/Cookies.binarycookies
2015-06-02 13:05:50.586 HelloCordova[7721:157993] Apache Cordova native platform version 3.8.0 is starting.
2015-06-02 13:05:50.586 HelloCordova[7721:157993] Multi-tasking -> Device: YES, App: YES
2015-06-02 13:05:50.587 HelloCordova[7721:157993] Unlimited access to network resources
2015-06-02 13:05:50.589 HelloCordova[7721:157993] 

Started backup to iCloud! Please be careful.
Your application might be rejected by Apple if you store too much data.
For more information please read "iOS Data Storage Guidelines" at:
https://developer.apple.com/icloud/documentation/data-storage/
To disable web storage backup to iCloud, set the BackupWebStorage preference to "local" in the Cordova config.xml file

2015-06-02 13:05:50.692 HelloCordova[7721:157993] Resetting plugins due to page load.
2015-06-02 13:05:50.918 HelloCordova[7721:157993] Finished load of: file:///Users/zhimenghuang/Library/Developer/CoreSimulator/Devices/D9855069-D654-4D31-B9F8-DDB20BEEC001/data/Containers/Bundle/Application/848D6CA6-9369-41D3-9E44-412168BE6B63/HelloCordova.app/www/index.html
2015-06-02 13:06:21.139 HelloCordova[7925:158613] DiskCookieStorage changing policy from 2 to 0, cookie file: file:///Users/zhimenghuang/Library/Developer/CoreSimulator/Devices/D9855069-D654-4D31-B9F8-DDB20BEEC001/data/Containers/Data/Application/855A2956-A2CE-4685-8FFF-2B15BCA97CFB/Library/Cookies/Cookies.binarycookies
2015-06-02 13:06:21.193 HelloCordova[7925:158613] Apache Cordova native platform version 3.8.0 is starting.
2015-06-02 13:06:21.193 HelloCordova[7925:158613] Multi-tasking -> Device: YES, App: YES
2015-06-02 13:06:21.196 HelloCordova[7925:158613] Unlimited access to network resources
2015-06-02 13:06:21.197 HelloCordova[7925:158613] 

Started backup to iCloud! Please be careful.
Your application might be rejected by Apple if you store too much data.
For more information please read "iOS Data Storage Guidelines" at:
https://developer.apple.com/icloud/documentation/data-storage/
To disable web storage backup to iCloud, set the BackupWebStorage preference to "local" in the Cordova config.xml file

2015-06-02 13:06:21.302 HelloCordova[7925:158613] Resetting plugins due to page load.
2015-06-02 13:06:21.526 HelloCordova[7925:158613] Finished load of: file:///Users/zhimenghuang/Library/Developer/CoreSimulator/Devices/D9855069-D654-4D31-B9F8-DDB20BEEC001/data/Containers/Bundle/Application/11033886-1C4C-4427-AE23-A4783C19E5FF/HelloCordova.app/www/index.html
2015-06-02 13:10:53.683 HelloCordova[8209:160557] DiskCookieStorage changing policy from 2 to 0, cookie file: file:///Users/zhimenghuang/Library/Developer/CoreSimulator/Devices/D9855069-D654-4D31-B9F8-DDB20BEEC001/data/Containers/Data/Application/4039EC19-16C8-411A-BF1A-527D07B0D9C8/Library/Cookies/Cookies.binarycookies
2015-06-02 13:10:53.737 HelloCordova[8209:160557] Apache Cordova native platform version 3.8.0 is starting.
2015-06-02 13:10:53.737 HelloCordova[8209:160557] Multi-tasking -> Device: YES, App: YES
2015-06-02 13:10:53.740 HelloCordova[8209:160557] Unlimited access to network resources
2015-06-02 13:10:53.742 HelloCordova[8209:160557] 

Started backup to iCloud! Please be careful.
Your application might be rejected by Apple if you store too much data.
For more information please read "iOS Data Storage Guidelines" at:
https://developer.apple.com/icloud/documentation/data-storage/
To disable web storage backup to iCloud, set the BackupWebStorage preference to "local" in the Cordova config.xml file

2015-06-02 13:10:53.847 HelloCordova[8209:160557] Resetting plugins due to page load.
2015-06-02 13:10:54.055 HelloCordova[8209:160557] Finished load of: file:///Users/zhimenghuang/Library/Developer/CoreSimulator/Devices/D9855069-D654-4D31-B9F8-DDB20BEEC001/data/Containers/Bundle/Application/6C343B0F-D958-4652-B877-FA6044DEADE5/HelloCordova.app/www/index.html
2015-06-02 13:13:08.444 HelloCordova[8414:161469] DiskCookieStorage changing policy from 2 to 0, cookie file: file:///Users/zhimenghuang/Library/Developer/CoreSimulator/Devices/D9855069-D654-4D31-B9F8-DDB20BEEC001/data/Containers/Data/Application/CA041D20-48EE-46BD-BC6D-931532BB796F/Library/Cookies/Cookies.binarycookies
2015-06-02 13:13:08.501 HelloCordova[8414:161469] Apache Cordova native platform version 3.8.0 is starting.
2015-06-02 13:13:08.501 HelloCordova[8414:161469] Multi-tasking -> Device: YES, App: YES
2015-06-02 13:13:08.504 HelloCordova[8414:161469] Unlimited access to network resources
2015-06-02 13:13:08.505 HelloCordova[8414:161469] 

Started backup to iCloud! Please be careful.
Your application might be rejected by Apple if you store too much data.
For more information please read "iOS Data Storage Guidelines" at:
https://developer.apple.com/icloud/documentation/data-storage/
To disable web storage backup to iCloud, set the BackupWebStorage preference to "local" in the Cordova config.xml file

2015-06-02 13:13:08.605 HelloCordova[8414:161469] Resetting plugins due to page load.
2015-06-02 13:13:09.306 HelloCordova[8414:161469] Finished load of: file:///Users/zhimenghuang/Library/Developer/CoreSimulator/Devices/D9855069-D654-4D31-B9F8-DDB20BEEC001/data/Containers/Bundle/Application/D4A909B0-5EEA-4D0E-860C-59C1ED4DECE6/HelloCordova.app/www/index.html
2015-06-02 16:14:19.774 RNW SIGNAPP[9714:220258] DiskCookieStorage changing policy from 2 to 0, cookie file: file:///Users/zhimenghuang/Library/Developer/CoreSimulator/Devices/D9855069-D654-4D31-B9F8-DDB20BEEC001/data/Containers/Data/Application/B69F90A8-FA27-47A5-807D-6EC21D914B2D/Library/Cookies/Cookies.binarycookies
2015-06-02 16:14:19.971 RNW SIGNAPP[9714:220258] Apache Cordova native platform version 3.8.0 is starting.
2015-06-02 16:14:19.972 RNW SIGNAPP[9714:220258] Multi-tasking -> Device: YES, App: YES
2015-06-02 16:14:19.986 RNW SIGNAPP[9714:220258] Unlimited access to network resources
2015-06-02 16:14:19.993 RNW SIGNAPP[9714:220258] 

Started backup to iCloud! Please be careful.
Your application might be rejected by Apple if you store too much data.
For more information please read "iOS Data Storage Guidelines" at:
https://developer.apple.com/icloud/documentation/data-storage/
To disable web storage backup to iCloud, set the BackupWebStorage preference to "local" in the Cordova config.xml file

2015-06-02 16:14:20.408 RNW SIGNAPP[9714:220258] Resetting plugins due to page load.
2015-06-02 16:14:22.001 RNW SIGNAPP[9714:220258] Finished load of: file:///Users/zhimenghuang/Library/Developer/CoreSimulator/Devices/D9855069-D654-4D31-B9F8-DDB20BEEC001/data/Containers/Bundle/Application/C0A315E7-E971-48DE-B127-6B3620EE0692/RNW%20SIGNAPP.app/www/index.html
2015-06-02 16:15:11.537 RNW SIGNAPP[10082:222239] DiskCookieStorage changing policy from 2 to 0, cookie file: file:///Users/zhimenghuang/Library/Developer/CoreSimulator/Devices/D9855069-D654-4D31-B9F8-DDB20BEEC001/data/Containers/Data/Application/64A97504-020E-4854-AA93-0B9345F26D5E/Library/Cookies/Cookies.binarycookies
2015-06-02 16:15:11.614 RNW SIGNAPP[10082:222239] Apache Cordova native platform version 3.8.0 is starting.
2015-06-02 16:15:11.615 RNW SIGNAPP[10082:222239] Multi-tasking -> Device: YES, App: YES
2015-06-02 16:15:11.617 RNW SIGNAPP[10082:222239] Unlimited access to network resources
2015-06-02 16:15:11.619 RNW SIGNAPP[10082:222239] 

Started backup to iCloud! Please be careful.
Your application might be rejected by Apple if you store too much data.
For more information please read "iOS Data Storage Guidelines" at:
https://developer.apple.com/icloud/documentation/data-storage/
To disable web storage backup to iCloud, set the BackupWebStorage preference to "local" in the Cordova config.xml file

2015-06-02 16:15:11.712 RNW SIGNAPP[10082:222239] Resetting plugins due to page load.
2015-06-02 16:15:12.713 RNW SIGNAPP[10082:222239] Finished load of: file:///Users/zhimenghuang/Library/Developer/CoreSimulator/Devices/D9855069-D654-4D31-B9F8-DDB20BEEC001/data/Containers/Bundle/Application/14E0AC95-B7DC-4073-835C-CD46D72A9770/RNW%20SIGNAPP.app/www/index.html
2015-06-02 16:15:54.748 RNW SIGNAPP[10381:223872] DiskCookieStorage changing policy from 2 to 0, cookie file: file:///Users/zhimenghuang/Library/Developer/CoreSimulator/Devices/D9855069-D654-4D31-B9F8-DDB20BEEC001/data/Containers/Data/Application/BE93E973-4362-4180-89C0-B7855E325959/Library/Cookies/Cookies.binarycookies
2015-06-02 16:15:54.824 RNW SIGNAPP[10381:223872] Apache Cordova native platform version 3.8.0 is starting.
2015-06-02 16:15:54.824 RNW SIGNAPP[10381:223872] Multi-tasking -> Device: YES, App: YES
2015-06-02 16:15:54.827 RNW SIGNAPP[10381:223872] Unlimited access to network resources
2015-06-02 16:15:54.829 RNW SIGNAPP[10381:223872] 

Started backup to iCloud! Please be careful.
Your application might be rejected by Apple if you store too much data.
For more information please read "iOS Data Storage Guidelines" at:
https://developer.apple.com/icloud/documentation/data-storage/
To disable web storage backup to iCloud, set the BackupWebStorage preference to "local" in the Cordova config.xml file

2015-06-02 16:15:54.923 RNW SIGNAPP[10381:223872] Resetting plugins due to page load.
2015-06-02 16:15:56.478 RNW SIGNAPP[10381:223872] Finished load of: file:///Users/zhimenghuang/Library/Developer/CoreSimulator/Devices/D9855069-D654-4D31-B9F8-DDB20BEEC001/data/Containers/Bundle/Application/75F153E1-AAA7-4941-94E3-5F0EF03C1631/RNW%20SIGNAPP.app/www/index.html
2015-06-02 16:17:33.964 RNW SIGNAPP[10712:226465] DiskCookieStorage changing policy from 2 to 0, cookie file: file:///Users/zhimenghuang/Library/Developer/CoreSimulator/Devices/D9855069-D654-4D31-B9F8-DDB20BEEC001/data/Containers/Data/Application/AA6F092E-347D-4BC8-B0EF-0BC1600EE451/Library/Cookies/Cookies.binarycookies
2015-06-02 16:17:34.036 RNW SIGNAPP[10712:226465] Apache Cordova native platform version 3.8.0 is starting.
2015-06-02 16:17:34.037 RNW SIGNAPP[10712:226465] Multi-tasking -> Device: YES, App: YES
2015-06-02 16:17:34.039 RNW SIGNAPP[10712:226465] Unlimited access to network resources
2015-06-02 16:17:34.041 RNW SIGNAPP[10712:226465] 

Started backup to iCloud! Please be careful.
Your application might be rejected by Apple if you store too much data.
For more information please read "iOS Data Storage Guidelines" at:
https://developer.apple.com/icloud/documentation/data-storage/
To disable web storage backup to iCloud, set the BackupWebStorage preference to "local" in the Cordova config.xml file

2015-06-02 16:17:34.140 RNW SIGNAPP[10712:226465] Resetting plugins due to page load.
2015-06-02 16:17:35.158 RNW SIGNAPP[10712:226465] Finished load of: file:///Users/zhimenghuang/Library/Developer/CoreSimulator/Devices/D9855069-D654-4D31-B9F8-DDB20BEEC001/data/Containers/Bundle/Application/82208F5F-FAAD-4433-BE23-20066DCC2512/RNW%20SIGNAPP.app/www/index.html
2015-06-02 16:17:49.113 RNW SIGNAPP[10712:226483] Terminating since there is no system app.
2015-06-02 16:18:14.484 RNW SIGNAPP[10965:227619] DiskCookieStorage changing policy from 2 to 0, cookie file: file:///Users/zhimenghuang/Library/Developer/CoreSimulator/Devices/D9855069-D654-4D31-B9F8-DDB20BEEC001/data/Containers/Data/Application/87C0210C-7FCC-43E9-BE0C-082D0D617DFF/Library/Cookies/Cookies.binarycookies
2015-06-02 16:18:14.565 RNW SIGNAPP[10965:227619] Apache Cordova native platform version 3.8.0 is starting.
2015-06-02 16:18:14.565 RNW SIGNAPP[10965:227619] Multi-tasking -> Device: YES, App: YES
2015-06-02 16:18:14.568 RNW SIGNAPP[10965:227619] Unlimited access to network resources
2015-06-02 16:18:14.569 RNW SIGNAPP[10965:227619] 

Started backup to iCloud! Please be careful.
Your application might be rejected by Apple if you store too much data.
For more information please read "iOS Data Storage Guidelines" at:
https://developer.apple.com/icloud/documentation/data-storage/
To disable web storage backup to iCloud, set the BackupWebStorage preference to "local" in the Cordova config.xml file

2015-06-02 16:18:14.671 RNW SIGNAPP[10965:227619] Resetting plugins due to page load.
2015-06-02 16:18:17.494 RNW SIGNAPP[10965:227619] Finished load of: file:///Users/zhimenghuang/Library/Developer/CoreSimulator/Devices/D9855069-D654-4D31-B9F8-DDB20BEEC001/data/Containers/Bundle/Application/DABAE412-2B72-4277-87D9-B33B420C5036/RNW%20SIGNAPP.app/www/index.html
2015-06-02 16:45:22.947 RNW SIGNAPP[11356:237965] DiskCookieStorage changing policy from 2 to 0, cookie file: file:///Users/zhimenghuang/Library/Developer/CoreSimulator/Devices/D9855069-D654-4D31-B9F8-DDB20BEEC001/data/Containers/Data/Application/0C3C8439-26C1-457D-BAD2-F4D920AE5B37/Library/Cookies/Cookies.binarycookies
2015-06-02 16:45:22.995 RNW SIGNAPP[11356:237965] Apache Cordova native platform version 3.8.0 is starting.
2015-06-02 16:45:22.995 RNW SIGNAPP[11356:237965] Multi-tasking -> Device: YES, App: YES
2015-06-02 16:45:22.996 RNW SIGNAPP[11356:237965] Unlimited access to network resources
2015-06-02 16:45:22.998 RNW SIGNAPP[11356:237965] 

Started backup to iCloud! Please be careful.
Your application might be rejected by Apple if you store too much data.
For more information please read "iOS Data Storage Guidelines" at:
https://developer.apple.com/icloud/documentation/data-storage/
To disable web storage backup to iCloud, set the BackupWebStorage preference to "local" in the Cordova config.xml file

2015-06-02 16:45:23.098 RNW SIGNAPP[11356:237965] Resetting plugins due to page load.
2015-06-02 16:45:23.355 RNW SIGNAPP[11356:237965] Finished load of: file:///Users/zhimenghuang/Library/Developer/CoreSimulator/Devices/D9855069-D654-4D31-B9F8-DDB20BEEC001/data/Containers/Bundle/Application/41F6F61C-59BE-4319-AE32-3DD0A833FEE6/RNW%20SIGNAPP.app/www/index.html
2015-06-02 17:01:54.412 RNW SIGNAPP[11622:242522] DiskCookieStorage changing policy from 2 to 0, cookie file: file:///Users/zhimenghuang/Library/Developer/CoreSimulator/Devices/D9855069-D654-4D31-B9F8-DDB20BEEC001/data/Containers/Data/Application/0D7149E4-F6DD-442D-9029-A4CF506D6659/Library/Cookies/Cookies.binarycookies
2015-06-02 17:01:54.486 RNW SIGNAPP[11622:242522] Apache Cordova native platform version 3.8.0 is starting.
2015-06-02 17:01:54.487 RNW SIGNAPP[11622:242522] Multi-tasking -> Device: YES, App: YES
2015-06-02 17:01:54.489 RNW SIGNAPP[11622:242522] Unlimited access to network resources
2015-06-02 17:01:54.491 RNW SIGNAPP[11622:242522] 

Started backup to iCloud! Please be careful.
Your application might be rejected by Apple if you store too much data.
For more information please read "iOS Data Storage Guidelines" at:
https://developer.apple.com/icloud/documentation/data-storage/
To disable web storage backup to iCloud, set the BackupWebStorage preference to "local" in the Cordova config.xml file

2015-06-02 17:01:54.590 RNW SIGNAPP[11622:242522] Resetting plugins due to page load.
2015-06-02 17:01:54.839 RNW SIGNAPP[11622:242522] Finished load of: file:///Users/zhimenghuang/Library/Developer/CoreSimulator/Devices/D9855069-D654-4D31-B9F8-DDB20BEEC001/data/Containers/Bundle/Application/8F93A9F2-8609-4659-A1DE-0BA0E0273D24/RNW%20SIGNAPP.app/www/index.html
2015-06-02 17:02:38.928 RNW SIGNAPP[11622:243080] Terminating since there is no system app.
2015-06-05 14:16:50.401 RNW SIGNAPP[18548:798699] DiskCookieStorage changing policy from 2 to 0, cookie file: file:///Users/zhimenghuang/Library/Developer/CoreSimulator/Devices/D9855069-D654-4D31-B9F8-DDB20BEEC001/data/Containers/Data/Application/CA438145-5A75-42A4-8A68-062B01B9B7AF/Library/Cookies/Cookies.binarycookies
2015-06-05 14:16:50.607 RNW SIGNAPP[18548:798699] Apache Cordova native platform version 3.8.0 is starting.
2015-06-05 14:16:50.607 RNW SIGNAPP[18548:798699] Multi-tasking -> Device: YES, App: YES
2015-06-05 14:16:50.617 RNW SIGNAPP[18548:798699] Unlimited access to network resources
2015-06-05 14:16:50.625 RNW SIGNAPP[18548:798699] 

Started backup to iCloud! Please be careful.
Your application might be rejected by Apple if you store too much data.
For more information please read "iOS Data Storage Guidelines" at:
https://developer.apple.com/icloud/documentation/data-storage/
To disable web storage backup to iCloud, set the BackupWebStorage preference to "local" in the Cordova config.xml file

2015-06-05 14:16:51.030 RNW SIGNAPP[18548:798699] Resetting plugins due to page load.
2015-06-05 14:16:51.373 RNW SIGNAPP[18548:798699] Finished load of: file:///Users/zhimenghuang/Library/Developer/CoreSimulator/Devices/D9855069-D654-4D31-B9F8-DDB20BEEC001/data/Containers/Bundle/Application/C1CF3CE7-6E02-4271-9835-43FF08FB3278/RNW%20SIGNAPP.app/www/index.html
2015-06-05 14:22:12.749 RNW SIGNAPP[18947:802053] DiskCookieStorage changing policy from 2 to 0, cookie file: file:///Users/zhimenghuang/Library/Developer/CoreSimulator/Devices/D9855069-D654-4D31-B9F8-DDB20BEEC001/data/Containers/Data/Application/AD619832-8C44-4EEF-8E5E-C647FD70ACE1/Library/Cookies/Cookies.binarycookies
2015-06-05 14:22:12.816 RNW SIGNAPP[18947:802053] Apache Cordova native platform version 3.8.0 is starting.
2015-06-05 14:22:12.817 RNW SIGNAPP[18947:802053] Multi-tasking -> Device: YES, App: YES
2015-06-05 14:22:12.818 RNW SIGNAPP[18947:802053] Unlimited access to network resources
2015-06-05 14:22:12.820 RNW SIGNAPP[18947:802053] 

Started backup to iCloud! Please be careful.
Your application might be rejected by Apple if you store too much data.
For more information please read "iOS Data Storage Guidelines" at:
https://developer.apple.com/icloud/documentation/data-storage/
To disable web storage backup to iCloud, set the BackupWebStorage preference to "local" in the Cordova config.xml file

2015-06-05 14:22:12.915 RNW SIGNAPP[18947:802053] Resetting plugins due to page load.
2015-06-05 14:22:13.178 RNW SIGNAPP[18947:802053] Finished load of: file:///Users/zhimenghuang/Library/Developer/CoreSimulator/Devices/D9855069-D654-4D31-B9F8-DDB20BEEC001/data/Containers/Bundle/Application/1C5B0FFB-A327-4BA3-91F1-0F503C4394C9/RNW%20SIGNAPP.app/www/index.html
2015-06-05 14:22:23.052 RNW SIGNAPP[18947:802057] Camera.getPicture: source type 1 not available.
2015-06-05 14:22:24.882 RNW SIGNAPP[18947:802057] Camera.getPicture: source type 1 not available.
2015-06-05 14:22:25.112 RNW SIGNAPP[18947:802248] Camera.getPicture: source type 1 not available.
2015-06-05 14:22:25.328 RNW SIGNAPP[18947:802248] Camera.getPicture: source type 1 not available.
2015-06-05 14:22:25.548 RNW SIGNAPP[18947:802248] Camera.getPicture: source type 1 not available.
2015-06-05 14:22:26.066 RNW SIGNAPP[18947:802248] Camera.getPicture: source type 1 not available.
2015-06-05 14:22:27.691 RNW SIGNAPP[18947:802248] Camera.getPicture: source type 1 not available.
2015-06-05 14:23:43.345 RNW SIGNAPP[19210:803569] DiskCookieStorage changing policy from 2 to 0, cookie file: file:///Users/zhimenghuang/Library/Developer/CoreSimulator/Devices/D9855069-D654-4D31-B9F8-DDB20BEEC001/data/Containers/Data/Application/D296E173-37A3-4BB3-8A8E-F7D33CC36375/Library/Cookies/Cookies.binarycookies
2015-06-05 14:23:43.444 RNW SIGNAPP[19210:803569] Apache Cordova native platform version 3.8.0 is starting.
2015-06-05 14:23:43.444 RNW SIGNAPP[19210:803569] Multi-tasking -> Device: YES, App: YES
2015-06-05 14:23:43.447 RNW SIGNAPP[19210:803569] Unlimited access to network resources
2015-06-05 14:23:43.449 RNW SIGNAPP[19210:803569] 

Started backup to iCloud! Please be careful.
Your application might be rejected by Apple if you store too much data.
For more information please read "iOS Data Storage Guidelines" at:
https://developer.apple.com/icloud/documentation/data-storage/
To disable web storage backup to iCloud, set the BackupWebStorage preference to "local" in the Cordova config.xml file

2015-06-05 14:23:43.541 RNW SIGNAPP[19210:803569] Resetting plugins due to page load.
2015-06-05 14:23:43.750 RNW SIGNAPP[19210:803569] Finished load of: file:///Users/zhimenghuang/Library/Developer/CoreSimulator/Devices/D9855069-D654-4D31-B9F8-DDB20BEEC001/data/Containers/Bundle/Application/C735265A-FB13-467B-88CF-046C676BCAB4/RNW%20SIGNAPP.app/www/index.html
2015-06-05 14:23:59.001 RNW SIGNAPP[19210:803827] Camera.getPicture: source type 1 not available.
2015-06-05 14:24:08.276 RNW SIGNAPP[19210:803915] Terminating since there is no system app.
2015-06-05 14:35:06.899 RNW SIGNAPP[19508:808057] DiskCookieStorage changing policy from 2 to 0, cookie file: file:///Users/zhimenghuang/Library/Developer/CoreSimulator/Devices/D9855069-D654-4D31-B9F8-DDB20BEEC001/data/Containers/Data/Application/635F46AC-EF06-4617-AA28-AAEE8DB7CA2A/Library/Cookies/Cookies.binarycookies
2015-06-05 14:35:06.976 RNW SIGNAPP[19508:808057] Apache Cordova native platform version 3.8.0 is starting.
2015-06-05 14:35:06.976 RNW SIGNAPP[19508:808057] Multi-tasking -> Device: YES, App: YES
2015-06-05 14:35:06.978 RNW SIGNAPP[19508:808057] Unlimited access to network resources
2015-06-05 14:35:06.980 RNW SIGNAPP[19508:808057] 

Started backup to iCloud! Please be careful.
Your application might be rejected by Apple if you store too much data.
For more information please read "iOS Data Storage Guidelines" at:
https://developer.apple.com/icloud/documentation/data-storage/
To disable web storage backup to iCloud, set the BackupWebStorage preference to "local" in the Cordova config.xml file

2015-06-05 14:35:07.228 RNW SIGNAPP[19508:808057] Resetting plugins due to page load.
2015-06-05 14:35:19.600 RNW SIGNAPP[19508:808057] Finished load of: file:///Users/zhimenghuang/Library/Developer/CoreSimulator/Devices/D9855069-D654-4D31-B9F8-DDB20BEEC001/data/Containers/Bundle/Application/5087A89D-5901-45E7-B408-8D82CA54E62E/RNW%20SIGNAPP.app/www/index.html
2015-06-05 14:43:38.684 RNW SIGNAPP[19785:812285] DiskCookieStorage changing policy from 2 to 0, cookie file: file:///Users/zhimenghuang/Library/Developer/CoreSimulator/Devices/D9855069-D654-4D31-B9F8-DDB20BEEC001/data/Containers/Data/Application/94B9BEDC-FC48-44E3-A383-B897436D8786/Library/Cookies/Cookies.binarycookies
2015-06-05 14:43:38.801 RNW SIGNAPP[19785:812285] Apache Cordova native platform version 3.8.0 is starting.
2015-06-05 14:43:38.802 RNW SIGNAPP[19785:812285] Multi-tasking -> Device: YES, App: YES
2015-06-05 14:43:38.803 RNW SIGNAPP[19785:812285] Unlimited access to network resources
2015-06-05 14:43:38.805 RNW SIGNAPP[19785:812285] 

Started backup to iCloud! Please be careful.
Your application might be rejected by Apple if you store too much data.
For more information please read "iOS Data Storage Guidelines" at:
https://developer.apple.com/icloud/documentation/data-storage/
To disable web storage backup to iCloud, set the BackupWebStorage preference to "local" in the Cordova config.xml file

2015-06-05 14:43:39.162 RNW SIGNAPP[19785:812285] Resetting plugins due to page load.
2015-06-05 14:43:39.306 RNW SIGNAPP[19785:812285] Finished load of: file:///Users/zhimenghuang/Library/Developer/CoreSimulator/Devices/D9855069-D654-4D31-B9F8-DDB20BEEC001/data/Containers/Bundle/Application/70D3D037-F39E-4C3B-8720-1C8C6D1AF498/RNW%20SIGNAPP.app/www/index.html
2015-06-05 16:50:53.130 RNW SIGNAPP[21005:865443] DiskCookieStorage changing policy from 2 to 0, cookie file: file:///Users/zhimenghuang/Library/Developer/CoreSimulator/Devices/D9855069-D654-4D31-B9F8-DDB20BEEC001/data/Containers/Data/Application/25CA12B7-5FB8-4F3E-9BEA-D0603F4EBA5A/Library/Cookies/Cookies.binarycookies
2015-06-05 16:50:53.393 RNW SIGNAPP[21005:865443] Apache Cordova native platform version 3.8.0 is starting.
2015-06-05 16:50:53.393 RNW SIGNAPP[21005:865443] Multi-tasking -> Device: YES, App: YES
2015-06-05 16:50:53.405 RNW SIGNAPP[21005:865443] Unlimited access to network resources
2015-06-05 16:50:53.411 RNW SIGNAPP[21005:865443] 

Started backup to iCloud! Please be careful.
Your application might be rejected by Apple if you store too much data.
For more information please read "iOS Data Storage Guidelines" at:
https://developer.apple.com/icloud/documentation/data-storage/
To disable web storage backup to iCloud, set the BackupWebStorage preference to "local" in the Cordova config.xml file

2015-06-05 16:50:53.817 RNW SIGNAPP[21005:865443] Resetting plugins due to page load.
2015-06-05 16:51:01.109 RNW SIGNAPP[21005:865443] Finished load of: file:///Users/zhimenghuang/Library/Developer/CoreSimulator/Devices/D9855069-D654-4D31-B9F8-DDB20BEEC001/data/Containers/Bundle/Application/FDDD52E4-FEB9-4DE3-BB9E-1C6E907CDCCF/RNW%20SIGNAPP.app/www/index.html
2015-06-05 16:51:49.960 RNW SIGNAPP[21005:866078] Terminating since there is no system app.
2015-06-05 16:52:01.407 RNW SIGNAPP[21275:867023] DiskCookieStorage changing policy from 2 to 0, cookie file: file:///Users/zhimenghuang/Library/Developer/CoreSimulator/Devices/D9855069-D654-4D31-B9F8-DDB20BEEC001/data/Containers/Data/Application/1D53549F-F609-4037-8C74-8EA790BF8CC5/Library/Cookies/Cookies.binarycookies
2015-06-05 16:52:01.475 RNW SIGNAPP[21275:867023] Apache Cordova native platform version 3.8.0 is starting.
2015-06-05 16:52:01.475 RNW SIGNAPP[21275:867023] Multi-tasking -> Device: YES, App: YES
2015-06-05 16:52:01.477 RNW SIGNAPP[21275:867023] Unlimited access to network resources
2015-06-05 16:52:01.478 RNW SIGNAPP[21275:867023] 

Started backup to iCloud! Please be careful.
Your application might be rejected by Apple if you store too much data.
For more information please read "iOS Data Storage Guidelines" at:
https://developer.apple.com/icloud/documentation/data-storage/
To disable web storage backup to iCloud, set the BackupWebStorage preference to "local" in the Cordova config.xml file

2015-06-05 16:52:01.570 RNW SIGNAPP[21275:867023] Resetting plugins due to page load.
2015-06-05 16:52:01.701 RNW SIGNAPP[21275:867023] Finished load of: file:///Users/zhimenghuang/Library/Developer/CoreSimulator/Devices/D9855069-D654-4D31-B9F8-DDB20BEEC001/data/Containers/Bundle/Application/0C5DD8AF-8F0B-4B68-9673-A91900B04CC6/RNW%20SIGNAPP.app/www/index.html
2015-06-05 16:52:59.809 RNW SIGNAPP[21497:867957] DiskCookieStorage changing policy from 2 to 0, cookie file: file:///Users/zhimenghuang/Library/Developer/CoreSimulator/Devices/D9855069-D654-4D31-B9F8-DDB20BEEC001/data/Containers/Data/Application/401A108B-CF7E-4AA8-8CB4-8903DB46B653/Library/Cookies/Cookies.binarycookies
2015-06-05 16:52:59.852 RNW SIGNAPP[21497:867957] Apache Cordova native platform version 3.8.0 is starting.
2015-06-05 16:52:59.853 RNW SIGNAPP[21497:867957] Multi-tasking -> Device: YES, App: YES
2015-06-05 16:52:59.854 RNW SIGNAPP[21497:867957] Unlimited access to network resources
2015-06-05 16:52:59.855 RNW SIGNAPP[21497:867957] 

Started backup to iCloud! Please be careful.
Your application might be rejected by Apple if you store too much data.
For more information please read "iOS Data Storage Guidelines" at:
https://developer.apple.com/icloud/documentation/data-storage/
To disable web storage backup to iCloud, set the BackupWebStorage preference to "local" in the Cordova config.xml file

2015-06-05 16:52:59.950 RNW SIGNAPP[21497:867957] Resetting plugins due to page load.
2015-06-05 16:53:00.086 RNW SIGNAPP[21497:867957] Finished load of: file:///Users/zhimenghuang/Library/Developer/CoreSimulator/Devices/D9855069-D654-4D31-B9F8-DDB20BEEC001/data/Containers/Bundle/Application/9802B83A-BD74-49C7-AEC2-2DF1C8CE7665/RNW%20SIGNAPP.app/www/index.html
2015-06-05 16:54:55.952 RNW SIGNAPP[21717:869784] DiskCookieStorage changing policy from 2 to 0, cookie file: file:///Users/zhimenghuang/Library/Developer/CoreSimulator/Devices/D9855069-D654-4D31-B9F8-DDB20BEEC001/data/Containers/Data/Application/460F3626-095E-4621-86D6-EF9FC202E0FD/Library/Cookies/Cookies.binarycookies
2015-06-05 16:54:56.001 RNW SIGNAPP[21717:869784] Apache Cordova native platform version 3.8.0 is starting.
2015-06-05 16:54:56.001 RNW SIGNAPP[21717:869784] Multi-tasking -> Device: YES, App: YES
2015-06-05 16:54:56.004 RNW SIGNAPP[21717:869784] Unlimited access to network resources
2015-06-05 16:54:56.005 RNW SIGNAPP[21717:869784] 

Started backup to iCloud! Please be careful.
Your application might be rejected by Apple if you store too much data.
For more information please read "iOS Data Storage Guidelines" at:
https://developer.apple.com/icloud/documentation/data-storage/
To disable web storage backup to iCloud, set the BackupWebStorage preference to "local" in the Cordova config.xml file

2015-06-05 16:54:56.098 RNW SIGNAPP[21717:869784] Resetting plugins due to page load.
2015-06-05 16:54:56.232 RNW SIGNAPP[21717:869784] Finished load of: file:///Users/zhimenghuang/Library/Developer/CoreSimulator/Devices/D9855069-D654-4D31-B9F8-DDB20BEEC001/data/Containers/Bundle/Application/F2ED5686-FEAC-4F25-898F-35761A4F9E2C/RNW%20SIGNAPP.app/www/index.html
2015-06-06 22:27:54.641 RNW SIGNAPP[23263:925950] DiskCookieStorage changing policy from 2 to 0, cookie file: file:///Users/zhimenghuang/Library/Developer/CoreSimulator/Devices/D9855069-D654-4D31-B9F8-DDB20BEEC001/data/Containers/Data/Application/A46EFDBE-96F4-4FEC-83FF-C786C1D27CBD/Library/Cookies/Cookies.binarycookies
2015-06-06 22:27:54.863 RNW SIGNAPP[23263:925950] Apache Cordova native platform version 3.8.0 is starting.
2015-06-06 22:27:54.863 RNW SIGNAPP[23263:925950] Multi-tasking -> Device: YES, App: YES
2015-06-06 22:27:54.877 RNW SIGNAPP[23263:925950] Unlimited access to network resources
2015-06-06 22:27:54.885 RNW SIGNAPP[23263:925950] 

Started backup to iCloud! Please be careful.
Your application might be rejected by Apple if you store too much data.
For more information please read "iOS Data Storage Guidelines" at:
https://developer.apple.com/icloud/documentation/data-storage/
To disable web storage backup to iCloud, set the BackupWebStorage preference to "local" in the Cordova config.xml file

2015-06-06 22:27:55.245 RNW SIGNAPP[23263:925950] Resetting plugins due to page load.
2015-06-06 22:27:55.560 RNW SIGNAPP[23263:925950] Finished load of: file:///Users/zhimenghuang/Library/Developer/CoreSimulator/Devices/D9855069-D654-4D31-B9F8-DDB20BEEC001/data/Containers/Bundle/Application/EFB8FA70-547F-4F3C-88C1-A00046B61F5D/RNW%20SIGNAPP.app/www/index.html
